<?xml version="1.0" encoding="UTF-8"?>
<testsuite name="inheritance.LibraryTest" tests="6" skipped="0" failures="0" errors="0" timestamp="2021-10-14T18:33:26" hostname="LTUCSTUDENT-L08" time="0.101">
  <properties/>
  <testcase name="testAddTOTheater()" classname="inheritance.LibraryTest" time="0.041"/>
  <testcase name="testShopToString()" classname="inheritance.LibraryTest" time="0.019"/>
  <testcase name="testRemoveMovie()" classname="inheritance.LibraryTest" time="0.001"/>
  <testcase name="someLibraryMethodReturnsTrue()" classname="inheritance.LibraryTest" time="0.003"/>
  <testcase name="testRestaurantToString()" classname="inheritance.LibraryTest" time="0.016"/>
  <testcase name="testReview()" classname="inheritance.LibraryTest" time="0.017"/>
  <system-out><![CDATA[]]></system-out>
  <system-err><![CDATA[]]></system-err>
</testsuite>
